[debug] [2025-07-22T02:52:48.299Z] ----------------------------------------------------------------------
[debug] [2025-07-22T02:52:48.300Z] Command:       /nix/store/ws50yvm6vzlzf7jzz6n7xh4szddrack1-nodejs-20.19.1/bin/node /nix/store/gv0i9ndcpzjpfi2yr06402kzy90q51ki-firebase-tools-14.10.1/lib/node_modules/firebase-tools/lib/bin/firebase.js apps:sdkconfig --project shyft-web
[debug] [2025-07-22T02:52:48.301Z] CLI Version:   14.10.1
[debug] [2025-07-22T02:52:48.301Z] Platform:      linux
[debug] [2025-07-22T02:52:48.301Z] Node Version:  v20.19.1
[debug] [2025-07-22T02:52:48.301Z] Time:          Tue Jul 22 2025 02:52:48 GMT+0000 (Coordinated Universal Time)
[debug] [2025-07-22T02:52:48.301Z] ----------------------------------------------------------------------
[debug] 
[debug] [2025-07-22T02:52:48.478Z] > command requires scopes: ["email","openid","https://www.googleapis.com/auth/cloudplatformprojects.readonly","https://www.googleapis.com/auth/firebase","https://www.googleapis.com/auth/cloud-platform"]
[debug] [2025-07-22T02:52:48.478Z] > authorizing via signed-in user (cravenwspatrick@gmail.com)
[debug] [2025-07-22T02:52:48.479Z] Checked if tokens are valid: false, expires at: 1753153493014
[debug] [2025-07-22T02:52:48.479Z] Checked if tokens are valid: false, expires at: 1753153493014
[debug] [2025-07-22T02:52:48.479Z] > refreshing access token with scopes: []
[debug] [2025-07-22T02:52:48.481Z] >>> [apiv2][query] POST https://www.googleapis.com/oauth2/v3/token [none]
[debug] [2025-07-22T02:52:48.481Z] >>> [apiv2][body] POST https://www.googleapis.com/oauth2/v3/token [omitted]
[debug] [2025-07-22T02:52:48.604Z] <<< [apiv2][status] POST https://www.googleapis.com/oauth2/v3/token 200
[debug] [2025-07-22T02:52:48.604Z] <<< [apiv2][body] POST https://www.googleapis.com/oauth2/v3/token [omitted]
[debug] [2025-07-22T02:52:48.616Z] >>> [apiv2][query] GET https://firebase.googleapis.com/v1beta1/projects/shyft-web:searchApps pageSize=100
[debug] [2025-07-22T02:52:48.923Z] <<< [apiv2][status] GET https://firebase.googleapis.com/v1beta1/projects/shyft-web:searchApps 403
[debug] [2025-07-22T02:52:48.923Z] <<< [apiv2][body] GET https://firebase.googleapis.com/v1beta1/projects/shyft-web:searchApps {"error":{"code":403,"message":"The caller does not have permission","status":"PERMISSION_DENIED"}}
[debug] [2025-07-22T02:52:48.924Z] Request to https://firebase.googleapis.com/v1beta1/projects/shyft-web:searchApps?pageSize=100 had HTTP Error: 403, The caller does not have permission
[debug] [2025-07-22T02:52:48.924Z] FirebaseError: Request to https://firebase.googleapis.com/v1beta1/projects/shyft-web:searchApps?pageSize=100 had HTTP Error: 403, The caller does not have permission
    at responseToError (/nix/store/gv0i9ndcpzjpfi2yr06402kzy90q51ki-firebase-tools-14.10.1/lib/node_modules/firebase-tools/lib/responseToError.js:52:12)
    at RetryOperation._fn (/nix/store/gv0i9ndcpzjpfi2yr06402kzy90q51ki-firebase-tools-14.10.1/lib/node_modules/firebase-tools/lib/apiv2.js:312:77)
    at process.processTicksAndRejections (node:internal/process/task_queues:95:5)
[error] 
[error] Error: Failed to list Firebase apps. See firebase-debug.log for more info.
